<?xml version="1.0" encoding="UTF-8"?>
<!-- Generated by org.testng.reporters.JUnitReportReporter -->
<testsuite hostname="RUSH-OHTHJPUJ3S" failures="0" tests="1" name="com.ngc.tests.AccountsTest" time="45.331" errors="0" timestamp="19 Feb 2023 10:20:38 GMT" skipped="0">
  <testcase classname="com.ngc.tests.AccountsTest" name="creditDetailsHeaders" time="45.331"/>
</testsuite> <!-- com.ngc.tests.AccountsTest -->
