<?xml version="1.0" encoding="UTF-8"?>
<!-- Generated by org.testng.reporters.JUnitReportReporter -->
<testsuite hostname="RUSH-OHTHJPUJ3S" failures="0" tests="5" name="com.ngc.tests.LeadsTest" time="139.625" errors="0" timestamp="19 Feb 2023 10:20:38 GMT" skipped="0">
  <testcase classname="com.ngc.tests.LeadsTest" name="noDuplicateFlexMsg" time="13.134"/>
  <testcase classname="com.ngc.tests.LeadsTest" name="DuplicatesFlexMsg" time="16.461"/>
  <testcase classname="com.ngc.tests.LeadsTest" name="VerifyEmail" time="22.648"/>
  <testcase classname="com.ngc.tests.LeadsTest" name="E2E" time="47.438"/>
  <testcase classname="com.ngc.tests.LeadsTest" name="EditAppBtn" time="39.944"/>
</testsuite> <!-- com.ngc.tests.LeadsTest -->
