<?xml version="1.0" encoding="UTF-8"?>
<!-- Generated by org.testng.reporters.JUnitReportReporter -->
<testsuite hostname="RUSH-OHTHJPUJ3S" failures="0" tests="6" name="com.ngc.tests.LeadsTests" time="137.086" errors="1" timestamp="16 Feb 2023 23:49:14 GMT" skipped="0">
  <testcase classname="com.ngc.tests.LeadsTests" name="LoginTest" time="4.849"/>
  <testcase classname="com.ngc.tests.LeadsTests" name="noDuplicateFlexMsg" time="13.286"/>
  <testcase classname="com.ngc.tests.LeadsTests" name="DuplicatesFlexMsg" time="16.943"/>
  <testcase classname="com.ngc.tests.LeadsTests" name="VerifyEmail" time="19.883"/>
  <testcase classname="com.ngc.tests.LeadsTests" name="E2E" time="35.716"/>
  <testcase classname="com.ngc.tests.LeadsTests" name="EditAppBtn" time="46.409">
    <error message="Error {
  message=&#039;Timeout 30000ms exceeded.
=========================== logs ===========================
waiting for getByRole(AriaRole.LINK, new Page.GetByRoleOptions().setName(&quot;Adam Dold&quot;))
============================================================
  name=&#039;TimeoutError
  stack=&#039;TimeoutError: Timeout 30000ms exceeded.
=========================== logs ===========================
waiting for getByRole(AriaRole.LINK, new Page.GetByRoleOptions().setName(&quot;Adam Dold&quot;))
============================================================
    at ProgressController.run (C:\Users\user\AppData\Local\Temp\playwright-java-12604874854836108500\package\lib\server\progress.js:93:26)
    at Frame.click (C:\Users\user\AppData\Local\Temp\playwright-java-12604874854836108500\package\lib\server\frames.js:945:23)
    at FrameDispatcher.click (C:\Users\user\AppData\Local\Temp\playwright-java-12604874854836108500\package\lib\server\dispatchers\frameDispatcher.js:146:30)
    at DispatcherConnection.dispatch (C:\Users\user\AppData\Local\Temp\playwright-java-12604874854836108500\package\lib\server\dispatchers\dispatcher.js:317:46)
}" type="com.microsoft.playwright.TimeoutError">
      <![CDATA[com.microsoft.playwright.TimeoutError: Error {
  message='Timeout 30000ms exceeded.
=========================== logs ===========================
waiting for getByRole(AriaRole.LINK, new Page.GetByRoleOptions().setName("Adam Dold"))
============================================================
  name='TimeoutError
  stack='TimeoutError: Timeout 30000ms exceeded.
=========================== logs ===========================
waiting for getByRole(AriaRole.LINK, new Page.GetByRoleOptions().setName("Adam Dold"))
============================================================
    at ProgressController.run (C:\Users\user\AppData\Local\Temp\playwright-java-12604874854836108500\package\lib\server\progress.js:93:26)
    at Frame.click (C:\Users\user\AppData\Local\Temp\playwright-java-12604874854836108500\package\lib\server\frames.js:945:23)
    at FrameDispatcher.click (C:\Users\user\AppData\Local\Temp\playwright-java-12604874854836108500\package\lib\server\dispatchers\frameDispatcher.js:146:30)
    at DispatcherConnection.dispatch (C:\Users\user\AppData\Local\Temp\playwright-java-12604874854836108500\package\lib\server\dispatchers\dispatcher.js:317:46)
}
at com.microsoft.playwright.impl.WaitableResult.get(WaitableResult.java:52)
at com.microsoft.playwright.impl.ChannelOwner.runUntil(ChannelOwner.java:111)
at com.microsoft.playwright.impl.Connection.sendMessage(Connection.java:119)
at com.microsoft.playwright.impl.ChannelOwner.sendMessage(ChannelOwner.java:102)
at com.microsoft.playwright.impl.FrameImpl.clickImpl(FrameImpl.java:256)
at com.microsoft.playwright.impl.FrameImpl.lambda$click$9(FrameImpl.java:247)
at com.microsoft.playwright.impl.LoggingSupport.lambda$withLogging$0(LoggingSupport.java:36)
at com.microsoft.playwright.impl.LoggingSupport.withLogging(LoggingSupport.java:47)
at com.microsoft.playwright.impl.ChannelOwner.withLogging(ChannelOwner.java:87)
at com.microsoft.playwright.impl.LoggingSupport.withLogging(LoggingSupport.java:35)
at com.microsoft.playwright.impl.FrameImpl.click(FrameImpl.java:247)
at com.microsoft.playwright.impl.LocatorImpl.click(LocatorImpl.java:112)
at com.microsoft.playwright.Locator.click(Locator.java:2076)
at com.ngc.pages.Leads.EditApplication(Leads.java:112)
at com.ngc.tests.LeadsTests.EditAppBtn(LeadsTests.java:106)
at java.base/jdk.internal.reflect.DirectMethodHandleAccessor.invoke(DirectMethodHandleAccessor.java:104)
at java.base/java.lang.reflect.Method.invoke(Method.java:578)
at org.testng.internal.MethodInvocationHelper.invokeMethod(MethodInvocationHelper.java:124)
at org.testng.internal.Invoker.invokeMethod(Invoker.java:583)
at org.testng.internal.Invoker.invokeTestMethod(Invoker.java:719)
at org.testng.internal.Invoker.invokeTestMethods(Invoker.java:989)
at org.testng.internal.TestMethodWorker.invokeTestMethods(TestMethodWorker.java:125)
at org.testng.internal.TestMethodWorker.run(TestMethodWorker.java:109)
at org.testng.TestRunner.privateRun(TestRunner.java:648)
at org.testng.TestRunner.run(TestRunner.java:505)
at org.testng.SuiteRunner.runTest(SuiteRunner.java:455)
at org.testng.SuiteRunner.runSequentially(SuiteRunner.java:450)
at org.testng.SuiteRunner.privateRun(SuiteRunner.java:415)
at org.testng.SuiteRunner.run(SuiteRunner.java:364)
at org.testng.SuiteRunnerWorker.runSuite(SuiteRunnerWorker.java:52)
at org.testng.SuiteRunnerWorker.run(SuiteRunnerWorker.java:84)
at org.testng.TestNG.runSuitesSequentially(TestNG.java:1208)
at org.testng.TestNG.runSuitesLocally(TestNG.java:1137)
at org.testng.TestNG.runSuites(TestNG.java:1049)
at org.testng.TestNG.run(TestNG.java:1017)
at org.testng.remote.AbstractRemoteTestNG.run(AbstractRemoteTestNG.java:115)
at org.testng.remote.RemoteTestNG.initAndRun(RemoteTestNG.java:251)
at org.testng.remote.RemoteTestNG.main(RemoteTestNG.java:77)
Caused by: com.microsoft.playwright.TimeoutError: Error {
  message='Timeout 30000ms exceeded.
=========================== logs ===========================
waiting for getByRole(AriaRole.LINK, new Page.GetByRoleOptions().setName("Adam Dold"))
============================================================
  name='TimeoutError
  stack='TimeoutError: Timeout 30000ms exceeded.
=========================== logs ===========================
waiting for getByRole(AriaRole.LINK, new Page.GetByRoleOptions().setName("Adam Dold"))
============================================================
    at ProgressController.run (C:\Users\user\AppData\Local\Temp\playwright-java-12604874854836108500\package\lib\server\progress.js:93:26)
    at Frame.click (C:\Users\user\AppData\Local\Temp\playwright-java-12604874854836108500\package\lib\server\frames.js:945:23)
    at FrameDispatcher.click (C:\Users\user\AppData\Local\Temp\playwright-java-12604874854836108500\package\lib\server\dispatchers\frameDispatcher.js:146:30)
    at DispatcherConnection.dispatch (C:\Users\user\AppData\Local\Temp\playwright-java-12604874854836108500\package\lib\server\dispatchers\dispatcher.js:317:46)
}
at com.microsoft.playwright.impl.Connection.dispatch(Connection.java:199)
at com.microsoft.playwright.impl.Connection.processOneMessage(Connection.java:181)
at com.microsoft.playwright.impl.ChannelOwner.runUntil(ChannelOwner.java:109)
... 36 more
]]>
    </error>
  </testcase> <!-- EditAppBtn -->
</testsuite> <!-- com.ngc.tests.LeadsTests -->
