<?xml version="1.0" encoding="UTF-8"?>
<!-- Generated by org.testng.reporters.JUnitReportReporter -->
<testsuite hostname="RUSH-OHTHJPUJ3S" failures="0" tests="1" name="com.ngc.tests.AccountsTest" time="80.035" errors="0" timestamp="25 Feb 2023 18:03:02 GMT" skipped="0">
  <testcase classname="com.ngc.tests.AccountsTest" name="FloorPlansVerification" time="80.035"/>
</testsuite> <!-- com.ngc.tests.AccountsTest -->
