<?xml version="1.0" encoding="UTF-8"?>
<!-- Generated by org.testng.reporters.JUnitReportReporter -->
<testsuite hostname="RUSH-OHTHJPUJ3S" failures="0" tests="1" name="com.ngc.tests.LeadsTest" time="76.776" errors="0" timestamp="25 Feb 2023 16:07:00 GMT" skipped="0">
  <testcase classname="com.ngc.tests.LeadsTest" name="BusinessName" time="76.776"/>
</testsuite> <!-- com.ngc.tests.LeadsTest -->
